{"C:\\Users\\kalsa\\OneDrive\\Desktop\\TutorAppointmentBookingTS-main\\src\\app.ts": {"path":"C:\\Users\\kalsa\\OneDrive\\Desktop\\TutorAppointmentBookingTS-main\\src\\app.ts","statementMap":{"0":{"start":{"line":1,"column":0},"end":{"line":1,"column":30}},"1":{"start":{"line":2,"column":0},"end":{"line":2,"column":58}},"2":{"start":{"line":3,"column":0},"end":{"line":3,"column":60}},"3":{"start":{"line":4,"column":0},"end":{"line":4,"column":72}},"4":{"start":{"line":6,"column":12},"end":{"line":6,"column":21}},"5":{"start":{"line":9,"column":0},"end":{"line":9,"column":24}},"6":{"start":{"line":12,"column":0},"end":{"line":12,"column":33}},"7":{"start":{"line":13,"column":0},"end":{"line":13,"column":36}},"8":{"start":{"line":14,"column":0},"end":{"line":14,"column":48}},"9":{"start":{"line":17,"column":0},"end":{"line":64,"column":3}},"10":{"start":{"line":18,"column":2},"end":{"line":63,"column":7}},"11":{"start":{"line":66,"column":0},"end":{"line":66,"column":19}}},"fnMap":{"0":{"name":"(anonymous_1)","decl":{"start":{"line":17,"column":13},"end":{"line":17,"column":14}},"loc":{"start":{"line":17,"column":26},"end":{"line":64,"column":1}}}},"branchMap":{},"s":{"0":4,"1":4,"2":4,"3":4,"4":4,"5":4,"6":4,"7":4,"8":4,"9":4,"10":0,"11":4},"f":{"0":0},"b":{}}
,"C:\\Users\\kalsa\\OneDrive\\Desktop\\TutorAppointmentBookingTS-main\\src\\application\\services\\AppointmentService.ts": {"path":"C:\\Users\\kalsa\\OneDrive\\Desktop\\TutorAppointmentBookingTS-main\\src\\application\\services\\AppointmentService.ts","statementMap":{"0":{"start":{"line":1,"column":0},"end":{"line":1,"column":64}},"1":{"start":{"line":2,"column":0},"end":{"line":2,"column":96}},"2":{"start":{"line":4,"column":30},"end":{"line":4,"column":57}},"3":{"start":{"line":8,"column":4},"end":{"line":10,"column":5}},"4":{"start":{"line":9,"column":6},"end":{"line":9,"column":39}},"5":{"start":{"line":12,"column":33},"end":{"line":12,"column":75}},"6":{"start":{"line":14,"column":26},"end":{"line":15,"column":null}},"7":{"start":{"line":15,"column":13},"end":{"line":15,"column":53}},"8":{"start":{"line":18,"column":4},"end":{"line":20,"column":5}},"9":{"start":{"line":19,"column":6},"end":{"line":19,"column":58}},"10":{"start":{"line":22,"column":27},"end":{"line":27,"column":null}},"11":{"start":{"line":30,"column":4},"end":{"line":30,"column":57}},"12":{"start":{"line":31,"column":4},"end":{"line":31,"column":26}},"13":{"start":{"line":35,"column":4},"end":{"line":35,"column":54}},"14":{"start":{"line":39,"column":25},"end":{"line":39,"column":67}},"15":{"start":{"line":40,"column":4},"end":{"line":40,"column":59}},"16":{"start":{"line":40,"column":38},"end":{"line":40,"column":57}},"17":{"start":{"line":44,"column":24},"end":{"line":44,"column":68}},"18":{"start":{"line":46,"column":4},"end":{"line":48,"column":5}},"19":{"start":{"line":47,"column":6},"end":{"line":47,"column":37}},"20":{"start":{"line":50,"column":4},"end":{"line":50,"column":36}},"21":{"start":{"line":51,"column":4},"end":{"line":51,"column":57}},"22":{"start":{"line":52,"column":4},"end":{"line":52,"column":23}},"23":{"start":{"line":56,"column":24},"end":{"line":56,"column":68}},"24":{"start":{"line":58,"column":4},"end":{"line":60,"column":5}},"25":{"start":{"line":59,"column":6},"end":{"line":59,"column":37}},"26":{"start":{"line":62,"column":4},"end":{"line":62,"column":36}},"27":{"start":{"line":63,"column":4},"end":{"line":63,"column":57}},"28":{"start":{"line":64,"column":4},"end":{"line":64,"column":23}},"29":{"start":{"line":68,"column":24},"end":{"line":68,"column":68}},"30":{"start":{"line":70,"column":4},"end":{"line":72,"column":5}},"31":{"start":{"line":71,"column":6},"end":{"line":71,"column":37}},"32":{"start":{"line":74,"column":4},"end":{"line":76,"column":5}},"33":{"start":{"line":75,"column":6},"end":{"line":75,"column":36}},"34":{"start":{"line":78,"column":4},"end":{"line":78,"column":31}},"35":{"start":{"line":79,"column":4},"end":{"line":79,"column":57}},"36":{"start":{"line":80,"column":4},"end":{"line":80,"column":23}},"37":{"start":{"line":6,"column":0},"end":{"line":6,"column":13}}},"fnMap":{"0":{"name":"(anonymous_0)","decl":{"start":{"line":7,"column":2},"end":{"line":7,"column":17}},"loc":{"start":{"line":7,"column":63},"end":{"line":32,"column":3}}},"1":{"name":"(anonymous_1)","decl":{"start":{"line":15,"column":6},"end":{"line":15,"column":7}},"loc":{"start":{"line":15,"column":13},"end":{"line":15,"column":53}}},"2":{"name":"(anonymous_2)","decl":{"start":{"line":34,"column":2},"end":{"line":34,"column":20}},"loc":{"start":{"line":34,"column":20},"end":{"line":36,"column":3}}},"3":{"name":"(anonymous_3)","decl":{"start":{"line":38,"column":2},"end":{"line":38,"column":23}},"loc":{"start":{"line":38,"column":38},"end":{"line":41,"column":3}}},"4":{"name":"(anonymous_4)","decl":{"start":{"line":40,"column":31},"end":{"line":40,"column":32}},"loc":{"start":{"line":40,"column":38},"end":{"line":40,"column":57}}},"5":{"name":"(anonymous_5)","decl":{"start":{"line":43,"column":2},"end":{"line":43,"column":20}},"loc":{"start":{"line":43,"column":31},"end":{"line":53,"column":3}}},"6":{"name":"(anonymous_6)","decl":{"start":{"line":55,"column":2},"end":{"line":55,"column":20}},"loc":{"start":{"line":55,"column":31},"end":{"line":65,"column":3}}},"7":{"name":"(anonymous_7)","decl":{"start":{"line":67,"column":2},"end":{"line":67,"column":17}},"loc":{"start":{"line":67,"column":45},"end":{"line":81,"column":3}}}},"branchMap":{"0":{"loc":{"start":{"line":8,"column":4},"end":{"line":10,"column":5}},"type":"if","locations":[{"start":{"line":8,"column":4},"end":{"line":10,"column":5}}]},"1":{"loc":{"start":{"line":8,"column":8},"end":{"line":8,"column":36}},"type":"binary-expr","locations":[{"start":{"line":8,"column":8},"end":{"line":8,"column":16}},{"start":{"line":8,"column":20},"end":{"line":8,"column":27}},{"start":{"line":8,"column":31},"end":{"line":8,"column":36}}]},"2":{"loc":{"start":{"line":15,"column":13},"end":{"line":15,"column":53}},"type":"binary-expr","locations":[{"start":{"line":15,"column":13},"end":{"line":15,"column":34}},{"start":{"line":15,"column":38},"end":{"line":15,"column":53}}]},"3":{"loc":{"start":{"line":18,"column":4},"end":{"line":20,"column":5}},"type":"if","locations":[{"start":{"line":18,"column":4},"end":{"line":20,"column":5}}]},"4":{"loc":{"start":{"line":46,"column":4},"end":{"line":48,"column":5}},"type":"if","locations":[{"start":{"line":46,"column":4},"end":{"line":48,"column":5}}]},"5":{"loc":{"start":{"line":58,"column":4},"end":{"line":60,"column":5}},"type":"if","locations":[{"start":{"line":58,"column":4},"end":{"line":60,"column":5}}]},"6":{"loc":{"start":{"line":70,"column":4},"end":{"line":72,"column":5}},"type":"if","locations":[{"start":{"line":70,"column":4},"end":{"line":72,"column":5}}]},"7":{"loc":{"start":{"line":74,"column":4},"end":{"line":76,"column":5}},"type":"if","locations":[{"start":{"line":74,"column":4},"end":{"line":76,"column":5}}]}},"s":{"0":5,"1":5,"2":5,"3":3,"4":2,"5":1,"6":1,"7":17,"8":1,"9":0,"10":1,"11":1,"12":1,"13":0,"14":2,"15":2,"16":35,"17":3,"18":3,"19":2,"20":1,"21":1,"22":1,"23":3,"24":3,"25":2,"26":1,"27":1,"28":1,"29":3,"30":3,"31":1,"32":2,"33":1,"34":1,"35":1,"36":1,"37":5},"f":{"0":3,"1":17,"2":0,"3":2,"4":35,"5":3,"6":3,"7":3},"b":{"0":[2],"1":[3,1,1],"2":[17,16],"3":[0],"4":[2],"5":[2],"6":[1],"7":[1]}}
,"C:\\Users\\kalsa\\OneDrive\\Desktop\\TutorAppointmentBookingTS-main\\src\\application\\services\\AuthService.ts": {"path":"C:\\Users\\kalsa\\OneDrive\\Desktop\\TutorAppointmentBookingTS-main\\src\\application\\services\\AuthService.ts","statementMap":{"0":{"start":{"line":1,"column":0},"end":{"line":1,"column":30}},"1":{"start":{"line":2,"column":0},"end":{"line":2,"column":31}},"2":{"start":{"line":3,"column":0},"end":{"line":3,"column":82}},"3":{"start":{"line":4,"column":0},"end":{"line":4,"column":47}},"4":{"start":{"line":5,"column":0},"end":{"line":5,"column":50}},"5":{"start":{"line":7,"column":23},"end":{"line":7,"column":43}},"6":{"start":{"line":11,"column":4},"end":{"line":13,"column":5}},"7":{"start":{"line":12,"column":6},"end":{"line":12,"column":39}},"8":{"start":{"line":15,"column":25},"end":{"line":15,"column":61}},"9":{"start":{"line":17,"column":4},"end":{"line":19,"column":5}},"10":{"start":{"line":18,"column":6},"end":{"line":18,"column":35}},"11":{"start":{"line":21,"column":27},"end":{"line":21,"column":58}},"12":{"start":{"line":23,"column":20},"end":{"line":28,"column":null}},"13":{"start":{"line":31,"column":4},"end":{"line":31,"column":36}},"14":{"start":{"line":32,"column":4},"end":{"line":32,"column":19}},"15":{"start":{"line":36,"column":4},"end":{"line":38,"column":5}},"16":{"start":{"line":37,"column":6},"end":{"line":37,"column":47}},"17":{"start":{"line":40,"column":17},"end":{"line":40,"column":53}},"18":{"start":{"line":42,"column":4},"end":{"line":44,"column":5}},"19":{"start":{"line":43,"column":6},"end":{"line":43,"column":30}},"20":{"start":{"line":46,"column":20},"end":{"line":46,"column":65}},"21":{"start":{"line":48,"column":4},"end":{"line":50,"column":5}},"22":{"start":{"line":49,"column":6},"end":{"line":49,"column":35}},"23":{"start":{"line":52,"column":18},"end":{"line":59,"column":null}},"24":{"start":{"line":61,"column":4},"end":{"line":61,"column":21}},"25":{"start":{"line":9,"column":0},"end":{"line":9,"column":13}}},"fnMap":{"0":{"name":"(anonymous_1)","decl":{"start":{"line":10,"column":2},"end":{"line":10,"column":7}},"loc":{"start":{"line":10,"column":66},"end":{"line":33,"column":3}}},"1":{"name":"(anonymous_2)","decl":{"start":{"line":35,"column":2},"end":{"line":35,"column":7}},"loc":{"start":{"line":35,"column":45},"end":{"line":62,"column":3}}}},"branchMap":{"0":{"loc":{"start":{"line":11,"column":4},"end":{"line":13,"column":5}},"type":"if","locations":[{"start":{"line":11,"column":4},"end":{"line":13,"column":5}}]},"1":{"loc":{"start":{"line":11,"column":8},"end":{"line":11,"column":40}},"type":"binary-expr","locations":[{"start":{"line":11,"column":8},"end":{"line":11,"column":17}},{"start":{"line":11,"column":21},"end":{"line":11,"column":27}},{"start":{"line":11,"column":31},"end":{"line":11,"column":40}}]},"2":{"loc":{"start":{"line":17,"column":4},"end":{"line":19,"column":5}},"type":"if","locations":[{"start":{"line":17,"column":4},"end":{"line":19,"column":5}}]},"3":{"loc":{"start":{"line":36,"column":4},"end":{"line":38,"column":5}},"type":"if","locations":[{"start":{"line":36,"column":4},"end":{"line":38,"column":5}}]},"4":{"loc":{"start":{"line":36,"column":8},"end":{"line":36,"column":27}},"type":"binary-expr","locations":[{"start":{"line":36,"column":8},"end":{"line":36,"column":14}},{"start":{"line":36,"column":18},"end":{"line":36,"column":27}}]},"5":{"loc":{"start":{"line":42,"column":4},"end":{"line":44,"column":5}},"type":"if","locations":[{"start":{"line":42,"column":4},"end":{"line":44,"column":5}}]},"6":{"loc":{"start":{"line":48,"column":4},"end":{"line":50,"column":5}},"type":"if","locations":[{"start":{"line":48,"column":4},"end":{"line":50,"column":5}}]}},"s":{"0":4,"1":4,"2":4,"3":4,"4":4,"5":4,"6":3,"7":1,"8":2,"9":2,"10":2,"11":0,"12":0,"13":0,"14":0,"15":5,"16":0,"17":5,"18":5,"19":1,"20":4,"21":4,"22":1,"23":3,"24":3,"25":4},"f":{"0":3,"1":5},"b":{"0":[1],"1":[3,2,2],"2":[2],"3":[0],"4":[5,5],"5":[1],"6":[1]}}
,"C:\\Users\\kalsa\\OneDrive\\Desktop\\TutorAppointmentBookingTS-main\\src\\application\\services\\TutorService.ts": {"path":"C:\\Users\\kalsa\\OneDrive\\Desktop\\TutorAppointmentBookingTS-main\\src\\application\\services\\TutorService.ts","statementMap":{"0":{"start":{"line":2,"column":0},"end":{"line":2,"column":84}},"1":{"start":{"line":8,"column":4},"end":{"line":8,"column":49}},"2":{"start":{"line":12,"column":4},"end":{"line":12,"column":47}},"3":{"start":{"line":4,"column":0},"end":{"line":4,"column":13}}},"fnMap":{"0":{"name":"(anonymous_0)","decl":{"start":{"line":7,"column":2},"end":{"line":7,"column":null}},"loc":{"start":{"line":7,"column":2},"end":{"line":9,"column":3}}},"1":{"name":"(anonymous_1)","decl":{"start":{"line":11,"column":2},"end":{"line":11,"column":14}},"loc":{"start":{"line":11,"column":14},"end":{"line":13,"column":3}}}},"branchMap":{},"s":{"0":4,"1":4,"2":1,"3":4},"f":{"0":4,"1":1},"b":{}}
,"C:\\Users\\kalsa\\OneDrive\\Desktop\\TutorAppointmentBookingTS-main\\src\\domain\\entities\\Appointment.ts": {"path":"C:\\Users\\kalsa\\OneDrive\\Desktop\\TutorAppointmentBookingTS-main\\src\\domain\\entities\\Appointment.ts","statementMap":{"0":{"start":{"line":3,"column":11},"end":{"line":3,"column":21}},"1":{"start":{"line":4,"column":11},"end":{"line":4,"column":26}},"2":{"start":{"line":5,"column":11},"end":{"line":5,"column":25}},"3":{"start":{"line":6,"column":11},"end":{"line":6,"column":23}},"4":{"start":{"line":7,"column":11},"end":{"line":7,"column":28}},"5":{"start":{"line":1,"column":0},"end":{"line":1,"column":13}}},"fnMap":{"0":{"name":"(anonymous_0)","decl":{"start":{"line":2,"column":2},"end":{"line":2,"column":null}},"loc":{"start":{"line":7,"column":37},"end":{"line":8,"column":6}}}},"branchMap":{"0":{"loc":{"start":{"line":7,"column":11},"end":{"line":7,"column":37}},"type":"default-arg","locations":[{"start":{"line":7,"column":28},"end":{"line":7,"column":37}}]}},"s":{"0":2,"1":2,"2":2,"3":2,"4":2,"5":6},"f":{"0":2},"b":{"0":[0]}}
,"C:\\Users\\kalsa\\OneDrive\\Desktop\\TutorAppointmentBookingTS-main\\src\\domain\\entities\\Tutor.ts": {"path":"C:\\Users\\kalsa\\OneDrive\\Desktop\\TutorAppointmentBookingTS-main\\src\\domain\\entities\\Tutor.ts","statementMap":{"0":{"start":{"line":3,"column":11},"end":{"line":3,"column":21}},"1":{"start":{"line":4,"column":11},"end":{"line":4,"column":27}},"2":{"start":{"line":5,"column":11},"end":{"line":5,"column":24}},"3":{"start":{"line":6,"column":11},"end":{"line":6,"column":26}},"4":{"start":{"line":7,"column":11},"end":{"line":7,"column":29}},"5":{"start":{"line":1,"column":0},"end":{"line":1,"column":13}}},"fnMap":{"0":{"name":"(anonymous_0)","decl":{"start":{"line":2,"column":2},"end":{"line":2,"column":null}},"loc":{"start":{"line":7,"column":29},"end":{"line":8,"column":6}}}},"branchMap":{},"s":{"0":13,"1":13,"2":13,"3":13,"4":13,"5":5},"f":{"0":13},"b":{}}
,"C:\\Users\\kalsa\\OneDrive\\Desktop\\TutorAppointmentBookingTS-main\\src\\domain\\entities\\User.ts": {"path":"C:\\Users\\kalsa\\OneDrive\\Desktop\\TutorAppointmentBookingTS-main\\src\\domain\\entities\\User.ts","statementMap":{"0":{"start":{"line":1,"column":0},"end":{"line":1,"column":37}},"1":{"start":{"line":5,"column":11},"end":{"line":5,"column":21}},"2":{"start":{"line":6,"column":11},"end":{"line":6,"column":27}},"3":{"start":{"line":7,"column":11},"end":{"line":7,"column":24}},"4":{"start":{"line":8,"column":11},"end":{"line":8,"column":27}},"5":{"start":{"line":9,"column":11},"end":{"line":9,"column":24}},"6":{"start":{"line":3,"column":0},"end":{"line":3,"column":13}}},"fnMap":{"0":{"name":"(anonymous_0)","decl":{"start":{"line":4,"column":2},"end":{"line":4,"column":null}},"loc":{"start":{"line":9,"column":33},"end":{"line":10,"column":6}}}},"branchMap":{"0":{"loc":{"start":{"line":9,"column":11},"end":{"line":9,"column":33}},"type":"default-arg","locations":[{"start":{"line":9,"column":24},"end":{"line":9,"column":33}}]}},"s":{"0":5,"1":1,"2":1,"3":1,"4":1,"5":1,"6":5},"f":{"0":1},"b":{"0":[0]}}
,"C:\\Users\\kalsa\\OneDrive\\Desktop\\TutorAppointmentBookingTS-main\\src\\domain\\enums\\Role.ts": {"path":"C:\\Users\\kalsa\\OneDrive\\Desktop\\TutorAppointmentBookingTS-main\\src\\domain\\enums\\Role.ts","statementMap":{"0":{"start":{"line":1,"column":0},"end":{"line":1,"column":null}},"1":{"start":{"line":2,"column":2},"end":{"line":2,"column":null}},"2":{"start":{"line":3,"column":2},"end":{"line":3,"column":null}}},"fnMap":{"0":{"name":"(anonymous_0)","decl":{"start":{"line":1,"column":0},"end":{"line":1,"column":12}},"loc":{"start":{"line":1,"column":16},"end":{"line":4,"column":1}}}},"branchMap":{"0":{"loc":{"start":{"line":1,"column":12},"end":{"line":1,"column":null}},"type":"binary-expr","locations":[{"start":{"line":1,"column":12},"end":{"line":1,"column":16}},{"start":{"line":1,"column":16},"end":{"line":1,"column":null}}]}},"s":{"0":5,"1":5,"2":5},"f":{"0":5},"b":{"0":[5,5]}}
,"C:\\Users\\kalsa\\OneDrive\\Desktop\\TutorAppointmentBookingTS-main\\src\\infrastructure\\logger.ts": {"path":"C:\\Users\\kalsa\\OneDrive\\Desktop\\TutorAppointmentBookingTS-main\\src\\infrastructure\\logger.ts","statementMap":{"0":{"start":{"line":1,"column":0},"end":{"line":1,"column":20}},"1":{"start":{"line":2,"column":0},"end":{"line":2,"column":24}},"2":{"start":{"line":4,"column":26},"end":{"line":8,"column":1}},"3":{"start":{"line":5,"column":19},"end":{"line":5,"column":50}},"4":{"start":{"line":6,"column":18},"end":{"line":6,"column":62}},"5":{"start":{"line":7,"column":2},"end":{"line":7,"column":39}},"6":{"start":{"line":4,"column":13},"end":{"line":4,"column":26}}},"fnMap":{"0":{"name":"(anonymous_1)","decl":{"start":{"line":4,"column":26},"end":{"line":4,"column":27}},"loc":{"start":{"line":4,"column":52},"end":{"line":8,"column":1}}}},"branchMap":{},"s":{"0":4,"1":4,"2":4,"3":8,"4":8,"5":8,"6":4},"f":{"0":8},"b":{}}
,"C:\\Users\\kalsa\\OneDrive\\Desktop\\TutorAppointmentBookingTS-main\\src\\infrastructure\\repositories\\AppointmentRepository.ts": {"path":"C:\\Users\\kalsa\\OneDrive\\Desktop\\TutorAppointmentBookingTS-main\\src\\infrastructure\\repositories\\AppointmentRepository.ts","statementMap":{"0":{"start":{"line":1,"column":0},"end":{"line":1,"column":20}},"1":{"start":{"line":2,"column":0},"end":{"line":2,"column":24}},"2":{"start":{"line":6,"column":10},"end":{"line":6,"column":75}},"3":{"start":{"line":9,"column":17},"end":{"line":9,"column":56}},"4":{"start":{"line":10,"column":4},"end":{"line":10,"column":28}},"5":{"start":{"line":14,"column":4},"end":{"line":14,"column":75}},"6":{"start":{"line":18,"column":25},"end":{"line":18,"column":48}},"7":{"start":{"line":19,"column":4},"end":{"line":19,"column":35}},"8":{"start":{"line":20,"column":4},"end":{"line":20,"column":41}},"9":{"start":{"line":24,"column":4},"end":{"line":24,"column":35}},"10":{"start":{"line":28,"column":25},"end":{"line":28,"column":48}},"11":{"start":{"line":29,"column":4},"end":{"line":29,"column":49}},"12":{"start":{"line":29,"column":36},"end":{"line":29,"column":47}},"13":{"start":{"line":33,"column":25},"end":{"line":33,"column":48}},"14":{"start":{"line":34,"column":18},"end":{"line":34,"column":79}},"15":{"start":{"line":34,"column":48},"end":{"line":34,"column":78}},"16":{"start":{"line":36,"column":4},"end":{"line":39,"column":5}},"17":{"start":{"line":37,"column":6},"end":{"line":37,"column":47}},"18":{"start":{"line":38,"column":6},"end":{"line":38,"column":43}},"19":{"start":{"line":5,"column":0},"end":{"line":5,"column":13}}},"fnMap":{"0":{"name":"(anonymous_1)","decl":{"start":{"line":5,"column":0},"end":{"line":5,"column":13}},"loc":{"start":{"line":5,"column":0},"end":{"line":41,"column":1}}},"1":{"name":"(anonymous_2)","decl":{"start":{"line":8,"column":10},"end":{"line":8,"column":26}},"loc":{"start":{"line":8,"column":26},"end":{"line":11,"column":3}}},"2":{"name":"(anonymous_3)","decl":{"start":{"line":13,"column":10},"end":{"line":13,"column":27}},"loc":{"start":{"line":13,"column":55},"end":{"line":15,"column":3}}},"3":{"name":"(anonymous_4)","decl":{"start":{"line":17,"column":2},"end":{"line":17,"column":16}},"loc":{"start":{"line":17,"column":41},"end":{"line":21,"column":3}}},"4":{"name":"(anonymous_5)","decl":{"start":{"line":23,"column":2},"end":{"line":23,"column":20}},"loc":{"start":{"line":23,"column":20},"end":{"line":25,"column":3}}},"5":{"name":"(anonymous_6)","decl":{"start":{"line":27,"column":2},"end":{"line":27,"column":20}},"loc":{"start":{"line":27,"column":31},"end":{"line":30,"column":3}}},"6":{"name":"(anonymous_7)","decl":{"start":{"line":29,"column":29},"end":{"line":29,"column":30}},"loc":{"start":{"line":29,"column":36},"end":{"line":29,"column":47}}},"7":{"name":"(anonymous_8)","decl":{"start":{"line":32,"column":2},"end":{"line":32,"column":19}},"loc":{"start":{"line":32,"column":51},"end":{"line":40,"column":3}}},"8":{"name":"(anonymous_9)","decl":{"start":{"line":34,"column":41},"end":{"line":34,"column":42}},"loc":{"start":{"line":34,"column":48},"end":{"line":34,"column":78}}}},"branchMap":{"0":{"loc":{"start":{"line":36,"column":4},"end":{"line":39,"column":5}},"type":"if","locations":[{"start":{"line":36,"column":4},"end":{"line":39,"column":5}}]}},"s":{"0":5,"1":5,"2":5,"3":16,"4":16,"5":4,"6":1,"7":1,"8":1,"9":3,"10":9,"11":9,"12":159,"13":3,"14":3,"15":54,"16":3,"17":3,"18":3,"19":5},"f":{"0":5,"1":16,"2":4,"3":1,"4":3,"5":9,"6":159,"7":3,"8":54},"b":{"0":[3]}}
,"C:\\Users\\kalsa\\OneDrive\\Desktop\\TutorAppointmentBookingTS-main\\src\\infrastructure\\repositories\\TutorRepository.ts": {"path":"C:\\Users\\kalsa\\OneDrive\\Desktop\\TutorAppointmentBookingTS-main\\src\\infrastructure\\repositories\\TutorRepository.ts","statementMap":{"0":{"start":{"line":1,"column":0},"end":{"line":1,"column":52}},"1":{"start":{"line":4,"column":10},"end":{"line":8,"column":4}},"2":{"start":{"line":11,"column":4},"end":{"line":11,"column":23}},"3":{"start":{"line":3,"column":0},"end":{"line":3,"column":13}}},"fnMap":{"0":{"name":"(anonymous_0)","decl":{"start":{"line":3,"column":0},"end":{"line":3,"column":13}},"loc":{"start":{"line":3,"column":0},"end":{"line":13,"column":1}}},"1":{"name":"(anonymous_1)","decl":{"start":{"line":10,"column":2},"end":{"line":10,"column":14}},"loc":{"start":{"line":10,"column":14},"end":{"line":12,"column":3}}}},"branchMap":{},"s":{"0":4,"1":4,"2":1,"3":4},"f":{"0":4,"1":1},"b":{}}
,"C:\\Users\\kalsa\\OneDrive\\Desktop\\TutorAppointmentBookingTS-main\\src\\infrastructure\\repositories\\UserRepository.ts": {"path":"C:\\Users\\kalsa\\OneDrive\\Desktop\\TutorAppointmentBookingTS-main\\src\\infrastructure\\repositories\\UserRepository.ts","statementMap":{"0":{"start":{"line":1,"column":0},"end":{"line":1,"column":20}},"1":{"start":{"line":2,"column":0},"end":{"line":2,"column":24}},"2":{"start":{"line":6,"column":10},"end":{"line":6,"column":68}},"3":{"start":{"line":9,"column":17},"end":{"line":9,"column":56}},"4":{"start":{"line":10,"column":4},"end":{"line":10,"column":28}},"5":{"start":{"line":14,"column":4},"end":{"line":14,"column":68}},"6":{"start":{"line":18,"column":18},"end":{"line":18,"column":34}},"7":{"start":{"line":19,"column":4},"end":{"line":19,"column":21}},"8":{"start":{"line":20,"column":4},"end":{"line":20,"column":27}},"9":{"start":{"line":24,"column":18},"end":{"line":24,"column":34}},"10":{"start":{"line":25,"column":4},"end":{"line":25,"column":54}},"11":{"start":{"line":25,"column":32},"end":{"line":25,"column":52}},"12":{"start":{"line":29,"column":4},"end":{"line":29,"column":28}},"13":{"start":{"line":5,"column":0},"end":{"line":5,"column":13}}},"fnMap":{"0":{"name":"(anonymous_1)","decl":{"start":{"line":5,"column":0},"end":{"line":5,"column":13}},"loc":{"start":{"line":5,"column":0},"end":{"line":31,"column":1}}},"1":{"name":"(anonymous_2)","decl":{"start":{"line":8,"column":10},"end":{"line":8,"column":19}},"loc":{"start":{"line":8,"column":19},"end":{"line":11,"column":3}}},"2":{"name":"(anonymous_3)","decl":{"start":{"line":13,"column":10},"end":{"line":13,"column":20}},"loc":{"start":{"line":13,"column":34},"end":{"line":15,"column":3}}},"3":{"name":"(anonymous_4)","decl":{"start":{"line":17,"column":2},"end":{"line":17,"column":9}},"loc":{"start":{"line":17,"column":20},"end":{"line":21,"column":3}}},"4":{"name":"(anonymous_5)","decl":{"start":{"line":23,"column":2},"end":{"line":23,"column":16}},"loc":{"start":{"line":23,"column":30},"end":{"line":26,"column":3}}},"5":{"name":"(anonymous_6)","decl":{"start":{"line":25,"column":22},"end":{"line":25,"column":23}},"loc":{"start":{"line":25,"column":32},"end":{"line":25,"column":52}}},"6":{"name":"(anonymous_7)","decl":{"start":{"line":28,"column":2},"end":{"line":28,"column":13}},"loc":{"start":{"line":28,"column":13},"end":{"line":30,"column":3}}}},"branchMap":{},"s":{"0":4,"1":4,"2":4,"3":7,"4":7,"5":0,"6":0,"7":0,"8":0,"9":7,"10":7,"11":9,"12":0,"13":4},"f":{"0":4,"1":7,"2":0,"3":0,"4":7,"5":9,"6":0},"b":{}}
,"C:\\Users\\kalsa\\OneDrive\\Desktop\\TutorAppointmentBookingTS-main\\src\\presentation\\controllers\\AppointmentController.ts": {"path":"C:\\Users\\kalsa\\OneDrive\\Desktop\\TutorAppointmentBookingTS-main\\src\\presentation\\controllers\\AppointmentController.ts","statementMap":{"0":{"start":{"line":2,"column":0},"end":{"line":2,"column":83}},"1":{"start":{"line":3,"column":0},"end":{"line":3,"column":57}},"2":{"start":{"line":5,"column":27},"end":{"line":5,"column":51}},"3":{"start":{"line":9,"column":4},"end":{"line":26,"column":5}},"4":{"start":{"line":10,"column":32},"end":{"line":10,"column":40}},"5":{"start":{"line":11,"column":21},"end":{"line":11,"column":32}},"6":{"start":{"line":13,"column":21},"end":{"line":13,"column":78}},"7":{"start":{"line":15,"column":6},"end":{"line":18,"column":7}},"8":{"start":{"line":16,"column":8},"end":{"line":16,"column":50}},"9":{"start":{"line":17,"column":8},"end":{"line":17,"column":15}},"10":{"start":{"line":20,"column":6},"end":{"line":20,"column":70}},"11":{"start":{"line":22,"column":6},"end":{"line":22,"column":35}},"12":{"start":{"line":24,"column":6},"end":{"line":24,"column":53}},"13":{"start":{"line":25,"column":6},"end":{"line":25,"column":64}},"14":{"start":{"line":30,"column":4},"end":{"line":39,"column":5}},"15":{"start":{"line":31,"column":27},"end":{"line":31,"column":66}},"16":{"start":{"line":33,"column":6},"end":{"line":33,"column":50}},"17":{"start":{"line":35,"column":6},"end":{"line":35,"column":41}},"18":{"start":{"line":37,"column":6},"end":{"line":37,"column":57}},"19":{"start":{"line":38,"column":6},"end":{"line":38,"column":64}},"20":{"start":{"line":43,"column":4},"end":{"line":53,"column":5}},"21":{"start":{"line":44,"column":21},"end":{"line":44,"column":32}},"22":{"start":{"line":45,"column":27},"end":{"line":45,"column":75}},"23":{"start":{"line":47,"column":6},"end":{"line":47,"column":61}},"24":{"start":{"line":49,"column":6},"end":{"line":49,"column":41}},"25":{"start":{"line":51,"column":6},"end":{"line":51,"column":56}},"26":{"start":{"line":52,"column":6},"end":{"line":52,"column":64}},"27":{"start":{"line":57,"column":4},"end":{"line":73,"column":5}},"28":{"start":{"line":58,"column":17},"end":{"line":58,"column":38}},"29":{"start":{"line":60,"column":21},"end":{"line":60,"column":62}},"30":{"start":{"line":62,"column":6},"end":{"line":65,"column":7}},"31":{"start":{"line":63,"column":8},"end":{"line":63,"column":50}},"32":{"start":{"line":64,"column":8},"end":{"line":64,"column":15}},"33":{"start":{"line":67,"column":6},"end":{"line":67,"column":53}},"34":{"start":{"line":69,"column":6},"end":{"line":69,"column":35}},"35":{"start":{"line":71,"column":6},"end":{"line":71,"column":56}},"36":{"start":{"line":72,"column":6},"end":{"line":72,"column":64}},"37":{"start":{"line":77,"column":4},"end":{"line":93,"column":5}},"38":{"start":{"line":78,"column":17},"end":{"line":78,"column":38}},"39":{"start":{"line":80,"column":21},"end":{"line":80,"column":62}},"40":{"start":{"line":82,"column":6},"end":{"line":85,"column":7}},"41":{"start":{"line":83,"column":8},"end":{"line":83,"column":50}},"42":{"start":{"line":84,"column":8},"end":{"line":84,"column":15}},"43":{"start":{"line":87,"column":6},"end":{"line":87,"column":53}},"44":{"start":{"line":89,"column":6},"end":{"line":89,"column":35}},"45":{"start":{"line":91,"column":6},"end":{"line":91,"column":56}},"46":{"start":{"line":92,"column":6},"end":{"line":92,"column":64}},"47":{"start":{"line":97,"column":4},"end":{"line":114,"column":5}},"48":{"start":{"line":98,"column":17},"end":{"line":98,"column":38}},"49":{"start":{"line":99,"column":23},"end":{"line":99,"column":31}},"50":{"start":{"line":101,"column":21},"end":{"line":101,"column":65}},"51":{"start":{"line":103,"column":6},"end":{"line":106,"column":7}},"52":{"start":{"line":104,"column":8},"end":{"line":104,"column":50}},"53":{"start":{"line":105,"column":8},"end":{"line":105,"column":15}},"54":{"start":{"line":108,"column":6},"end":{"line":108,"column":71}},"55":{"start":{"line":110,"column":6},"end":{"line":110,"column":35}},"56":{"start":{"line":112,"column":6},"end":{"line":112,"column":53}},"57":{"start":{"line":113,"column":6},"end":{"line":113,"column":64}},"58":{"start":{"line":7,"column":0},"end":{"line":7,"column":13}}},"fnMap":{"0":{"name":"(anonymous_0)","decl":{"start":{"line":8,"column":2},"end":{"line":8,"column":8}},"loc":{"start":{"line":8,"column":48},"end":{"line":27,"column":3}}},"1":{"name":"(anonymous_1)","decl":{"start":{"line":29,"column":2},"end":{"line":29,"column":8}},"loc":{"start":{"line":29,"column":51},"end":{"line":40,"column":3}}},"2":{"name":"(anonymous_2)","decl":{"start":{"line":42,"column":2},"end":{"line":42,"column":8}},"loc":{"start":{"line":42,"column":50},"end":{"line":54,"column":3}}},"3":{"name":"(anonymous_3)","decl":{"start":{"line":56,"column":2},"end":{"line":56,"column":8}},"loc":{"start":{"line":56,"column":51},"end":{"line":74,"column":3}}},"4":{"name":"(anonymous_4)","decl":{"start":{"line":76,"column":2},"end":{"line":76,"column":8}},"loc":{"start":{"line":76,"column":51},"end":{"line":94,"column":3}}},"5":{"name":"(anonymous_5)","decl":{"start":{"line":96,"column":2},"end":{"line":96,"column":8}},"loc":{"start":{"line":96,"column":48},"end":{"line":115,"column":3}}}},"branchMap":{"0":{"loc":{"start":{"line":15,"column":6},"end":{"line":18,"column":7}},"type":"if","locations":[{"start":{"line":15,"column":6},"end":{"line":18,"column":7}}]},"1":{"loc":{"start":{"line":62,"column":6},"end":{"line":65,"column":7}},"type":"if","locations":[{"start":{"line":62,"column":6},"end":{"line":65,"column":7}}]},"2":{"loc":{"start":{"line":82,"column":6},"end":{"line":85,"column":7}},"type":"if","locations":[{"start":{"line":82,"column":6},"end":{"line":85,"column":7}}]},"3":{"loc":{"start":{"line":103,"column":6},"end":{"line":106,"column":7}},"type":"if","locations":[{"start":{"line":103,"column":6},"end":{"line":106,"column":7}}]}},"s":{"0":4,"1":4,"2":4,"3":2,"4":2,"5":2,"6":2,"7":2,"8":1,"9":1,"10":1,"11":1,"12":0,"13":0,"14":0,"15":0,"16":0,"17":0,"18":0,"19":0,"20":1,"21":1,"22":1,"23":1,"24":1,"25":0,"26":0,"27":2,"28":2,"29":2,"30":2,"31":1,"32":1,"33":1,"34":1,"35":0,"36":0,"37":2,"38":2,"39":2,"40":2,"41":1,"42":1,"43":1,"44":1,"45":0,"46":0,"47":2,"48":2,"49":2,"50":2,"51":2,"52":1,"53":1,"54":1,"55":1,"56":0,"57":0,"58":4},"f":{"0":2,"1":0,"2":1,"3":2,"4":2,"5":2},"b":{"0":[1],"1":[1],"2":[1],"3":[1]}}
,"C:\\Users\\kalsa\\OneDrive\\Desktop\\TutorAppointmentBookingTS-main\\src\\presentation\\controllers\\AuthController.ts": {"path":"C:\\Users\\kalsa\\OneDrive\\Desktop\\TutorAppointmentBookingTS-main\\src\\presentation\\controllers\\AuthController.ts","statementMap":{"0":{"start":{"line":2,"column":0},"end":{"line":2,"column":69}},"1":{"start":{"line":3,"column":0},"end":{"line":3,"column":57}},"2":{"start":{"line":5,"column":20},"end":{"line":5,"column":37}},"3":{"start":{"line":9,"column":4},"end":{"line":25,"column":5}},"4":{"start":{"line":10,"column":44},"end":{"line":10,"column":52}},"5":{"start":{"line":12,"column":21},"end":{"line":12,"column":74}},"6":{"start":{"line":14,"column":6},"end":{"line":17,"column":7}},"7":{"start":{"line":15,"column":8},"end":{"line":15,"column":50}},"8":{"start":{"line":16,"column":8},"end":{"line":16,"column":15}},"9":{"start":{"line":19,"column":6},"end":{"line":19,"column":46}},"10":{"start":{"line":21,"column":6},"end":{"line":21,"column":35}},"11":{"start":{"line":23,"column":6},"end":{"line":23,"column":45}},"12":{"start":{"line":24,"column":6},"end":{"line":24,"column":65}},"13":{"start":{"line":29,"column":4},"end":{"line":45,"column":5}},"14":{"start":{"line":30,"column":34},"end":{"line":30,"column":42}},"15":{"start":{"line":32,"column":21},"end":{"line":32,"column":61}},"16":{"start":{"line":34,"column":6},"end":{"line":37,"column":7}},"17":{"start":{"line":35,"column":8},"end":{"line":35,"column":50}},"18":{"start":{"line":36,"column":8},"end":{"line":36,"column":15}},"19":{"start":{"line":39,"column":6},"end":{"line":39,"column":45}},"20":{"start":{"line":41,"column":6},"end":{"line":41,"column":35}},"21":{"start":{"line":43,"column":6},"end":{"line":43,"column":42}},"22":{"start":{"line":44,"column":6},"end":{"line":44,"column":65}},"23":{"start":{"line":7,"column":0},"end":{"line":7,"column":13}}},"fnMap":{"0":{"name":"(anonymous_0)","decl":{"start":{"line":8,"column":2},"end":{"line":8,"column":8}},"loc":{"start":{"line":8,"column":51},"end":{"line":26,"column":3}}},"1":{"name":"(anonymous_1)","decl":{"start":{"line":28,"column":2},"end":{"line":28,"column":8}},"loc":{"start":{"line":28,"column":48},"end":{"line":46,"column":3}}}},"branchMap":{"0":{"loc":{"start":{"line":14,"column":6},"end":{"line":17,"column":7}},"type":"if","locations":[{"start":{"line":14,"column":6},"end":{"line":17,"column":7}}]},"1":{"loc":{"start":{"line":34,"column":6},"end":{"line":37,"column":7}},"type":"if","locations":[{"start":{"line":34,"column":6},"end":{"line":37,"column":7}}]}},"s":{"0":4,"1":4,"2":4,"3":3,"4":3,"5":3,"6":3,"7":3,"8":3,"9":0,"10":0,"11":0,"12":0,"13":5,"14":5,"15":5,"16":5,"17":2,"18":2,"19":3,"20":3,"21":0,"22":0,"23":4},"f":{"0":3,"1":5},"b":{"0":[3],"1":[2]}}
,"C:\\Users\\kalsa\\OneDrive\\Desktop\\TutorAppointmentBookingTS-main\\src\\presentation\\controllers\\TutorController.ts": {"path":"C:\\Users\\kalsa\\OneDrive\\Desktop\\TutorAppointmentBookingTS-main\\src\\presentation\\controllers\\TutorController.ts","statementMap":{"0":{"start":{"line":2,"column":0},"end":{"line":2,"column":71}},"1":{"start":{"line":4,"column":21},"end":{"line":4,"column":39}},"2":{"start":{"line":8,"column":19},"end":{"line":8,"column":46}},"3":{"start":{"line":9,"column":4},"end":{"line":9,"column":33}},"4":{"start":{"line":6,"column":0},"end":{"line":6,"column":13}}},"fnMap":{"0":{"name":"(anonymous_0)","decl":{"start":{"line":7,"column":2},"end":{"line":7,"column":8}},"loc":{"start":{"line":7,"column":49},"end":{"line":10,"column":3}}}},"branchMap":{},"s":{"0":4,"1":4,"2":1,"3":1,"4":4},"f":{"0":1},"b":{}}
,"C:\\Users\\kalsa\\OneDrive\\Desktop\\TutorAppointmentBookingTS-main\\src\\presentation\\middleware\\authMiddleware.ts": {"path":"C:\\Users\\kalsa\\OneDrive\\Desktop\\TutorAppointmentBookingTS-main\\src\\presentation\\middleware\\authMiddleware.ts","statementMap":{"0":{"start":{"line":1,"column":0},"end":{"line":1,"column":31}},"1":{"start":{"line":3,"column":30},"end":{"line":19,"column":1}},"2":{"start":{"line":4,"column":21},"end":{"line":4,"column":46}},"3":{"start":{"line":6,"column":2},"end":{"line":8,"column":3}},"4":{"start":{"line":7,"column":4},"end":{"line":7,"column":66}},"5":{"start":{"line":10,"column":16},"end":{"line":10,"column":40}},"6":{"start":{"line":12,"column":2},"end":{"line":18,"column":3}},"7":{"start":{"line":13,"column":20},"end":{"line":13,"column":50}},"8":{"start":{"line":14,"column":4},"end":{"line":14,"column":23}},"9":{"start":{"line":15,"column":4},"end":{"line":15,"column":11}},"10":{"start":{"line":17,"column":4},"end":{"line":17,"column":62}},"11":{"start":{"line":3,"column":13},"end":{"line":3,"column":30}}},"fnMap":{"0":{"name":"(anonymous_1)","decl":{"start":{"line":3,"column":30},"end":{"line":3,"column":31}},"loc":{"start":{"line":3,"column":64},"end":{"line":19,"column":1}}}},"branchMap":{"0":{"loc":{"start":{"line":6,"column":2},"end":{"line":8,"column":3}},"type":"if","locations":[{"start":{"line":6,"column":2},"end":{"line":8,"column":3}}]}},"s":{"0":5,"1":5,"2":15,"3":15,"4":4,"5":11,"6":11,"7":11,"8":11,"9":11,"10":0,"11":5},"f":{"0":15},"b":{"0":[4]}}
,"C:\\Users\\kalsa\\OneDrive\\Desktop\\TutorAppointmentBookingTS-main\\src\\presentation\\middleware\\roleMiddleware.ts": {"path":"C:\\Users\\kalsa\\OneDrive\\Desktop\\TutorAppointmentBookingTS-main\\src\\presentation\\middleware\\roleMiddleware.ts","statementMap":{"0":{"start":{"line":1,"column":31},"end":{"line":7,"column":1}},"1":{"start":{"line":2,"column":2},"end":{"line":4,"column":3}},"2":{"start":{"line":3,"column":4},"end":{"line":3,"column":76}},"3":{"start":{"line":6,"column":2},"end":{"line":6,"column":9}},"4":{"start":{"line":1,"column":13},"end":{"line":1,"column":31}}},"fnMap":{"0":{"name":"(anonymous_0)","decl":{"start":{"line":1,"column":31},"end":{"line":1,"column":32}},"loc":{"start":{"line":1,"column":65},"end":{"line":7,"column":1}}}},"branchMap":{"0":{"loc":{"start":{"line":2,"column":2},"end":{"line":4,"column":3}},"type":"if","locations":[{"start":{"line":2,"column":2},"end":{"line":4,"column":3}}]},"1":{"loc":{"start":{"line":2,"column":6},"end":{"line":2,"column":44}},"type":"binary-expr","locations":[{"start":{"line":2,"column":6},"end":{"line":2,"column":15}},{"start":{"line":2,"column":19},"end":{"line":2,"column":44}}]}},"s":{"0":5,"1":8,"2":1,"3":7,"4":5},"f":{"0":8},"b":{"0":[1],"1":[8,8]}}
,"C:\\Users\\kalsa\\OneDrive\\Desktop\\TutorAppointmentBookingTS-main\\src\\presentation\\routes\\appointmentRoutes.ts": {"path":"C:\\Users\\kalsa\\OneDrive\\Desktop\\TutorAppointmentBookingTS-main\\src\\presentation\\routes\\appointmentRoutes.ts","statementMap":{"0":{"start":{"line":1,"column":0},"end":{"line":1,"column":33}},"1":{"start":{"line":2,"column":0},"end":{"line":2,"column":77}},"2":{"start":{"line":3,"column":0},"end":{"line":3,"column":62}},"3":{"start":{"line":4,"column":0},"end":{"line":4,"column":63}},"4":{"start":{"line":6,"column":15},"end":{"line":6,"column":23}},"5":{"start":{"line":8,"column":0},"end":{"line":8,"column":72}},"6":{"start":{"line":9,"column":0},"end":{"line":14,"column":2}},"7":{"start":{"line":15,"column":0},"end":{"line":15,"column":75}},"8":{"start":{"line":17,"column":0},"end":{"line":22,"column":2}},"9":{"start":{"line":23,"column":0},"end":{"line":28,"column":2}},"10":{"start":{"line":29,"column":0},"end":{"line":34,"column":2}},"11":{"start":{"line":36,"column":0},"end":{"line":36,"column":22}}},"fnMap":{},"branchMap":{},"s":{"0":4,"1":4,"2":4,"3":4,"4":4,"5":4,"6":4,"7":4,"8":4,"9":4,"10":4,"11":4},"f":{},"b":{}}
,"C:\\Users\\kalsa\\OneDrive\\Desktop\\TutorAppointmentBookingTS-main\\src\\presentation\\routes\\authRoutes.ts": {"path":"C:\\Users\\kalsa\\OneDrive\\Desktop\\TutorAppointmentBookingTS-main\\src\\presentation\\routes\\authRoutes.ts","statementMap":{"0":{"start":{"line":1,"column":0},"end":{"line":1,"column":33}},"1":{"start":{"line":2,"column":0},"end":{"line":2,"column":63}},"2":{"start":{"line":4,"column":15},"end":{"line":4,"column":23}},"3":{"start":{"line":6,"column":0},"end":{"line":6,"column":50}},"4":{"start":{"line":7,"column":0},"end":{"line":7,"column":44}},"5":{"start":{"line":9,"column":0},"end":{"line":9,"column":22}}},"fnMap":{},"branchMap":{},"s":{"0":4,"1":4,"2":4,"3":4,"4":4,"5":4},"f":{},"b":{}}
,"C:\\Users\\kalsa\\OneDrive\\Desktop\\TutorAppointmentBookingTS-main\\src\\presentation\\routes\\tutorRoutes.ts": {"path":"C:\\Users\\kalsa\\OneDrive\\Desktop\\TutorAppointmentBookingTS-main\\src\\presentation\\routes\\tutorRoutes.ts","statementMap":{"0":{"start":{"line":1,"column":0},"end":{"line":1,"column":52}},"1":{"start":{"line":2,"column":0},"end":{"line":2,"column":65}},"2":{"start":{"line":3,"column":0},"end":{"line":3,"column":62}},"3":{"start":{"line":5,"column":15},"end":{"line":5,"column":23}},"4":{"start":{"line":7,"column":0},"end":{"line":7,"column":46}},"5":{"start":{"line":9,"column":0},"end":{"line":11,"column":3}},"6":{"start":{"line":10,"column":2},"end":{"line":10,"column":52}},"7":{"start":{"line":13,"column":0},"end":{"line":13,"column":22}}},"fnMap":{"0":{"name":"(anonymous_0)","decl":{"start":{"line":9,"column":38},"end":{"line":9,"column":39}},"loc":{"start":{"line":9,"column":70},"end":{"line":11,"column":1}}}},"branchMap":{},"s":{"0":4,"1":4,"2":4,"3":4,"4":4,"5":4,"6":1,"7":4},"f":{"0":1},"b":{}}
}
