TN:
SF:src\app.ts
FN:17,(anonymous_1)
FNF:1
FNH:0
FNDA:0,(anonymous_1)
DA:1,4
DA:2,4
DA:3,4
DA:4,4
DA:6,4
DA:9,4
DA:12,4
DA:13,4
DA:14,4
DA:17,4
DA:18,0
DA:66,4
LF:12
LH:11
BRF:0
BRH:0
end_of_record
TN:
SF:src\application\services\AppointmentService.ts
FN:7,(anonymous_0)
FN:15,(anonymous_1)
FN:34,(anonymous_2)
FN:38,(anonymous_3)
FN:40,(anonymous_4)
FN:43,(anonymous_5)
FN:55,(anonymous_6)
FN:67,(anonymous_7)
FNF:8
FNH:7
FNDA:3,(anonymous_0)
FNDA:17,(anonymous_1)
FNDA:0,(anonymous_2)
FNDA:2,(anonymous_3)
FNDA:35,(anonymous_4)
FNDA:3,(anonymous_5)
FNDA:3,(anonymous_6)
FNDA:3,(anonymous_7)
DA:1,5
DA:2,5
DA:4,5
DA:6,5
DA:8,3
DA:9,2
DA:12,1
DA:14,1
DA:15,17
DA:18,1
DA:19,0
DA:22,1
DA:30,1
DA:31,1
DA:35,0
DA:39,2
DA:40,35
DA:44,3
DA:46,3
DA:47,2
DA:50,1
DA:51,1
DA:52,1
DA:56,3
DA:58,3
DA:59,2
DA:62,1
DA:63,1
DA:64,1
DA:68,3
DA:70,3
DA:71,1
DA:74,2
DA:75,1
DA:78,1
DA:79,1
DA:80,1
LF:37
LH:35
BRDA:8,0,0,2
BRDA:8,1,0,3
BRDA:8,1,1,1
BRDA:8,1,2,1
BRDA:15,2,0,17
BRDA:15,2,1,16
BRDA:18,3,0,0
BRDA:46,4,0,2
BRDA:58,5,0,2
BRDA:70,6,0,1
BRDA:74,7,0,1
BRF:11
BRH:10
end_of_record
TN:
SF:src\application\services\AuthService.ts
FN:10,(anonymous_1)
FN:35,(anonymous_2)
FNF:2
FNH:2
FNDA:3,(anonymous_1)
FNDA:5,(anonymous_2)
DA:1,4
DA:2,4
DA:3,4
DA:4,4
DA:5,4
DA:7,4
DA:9,4
DA:11,3
DA:12,1
DA:15,2
DA:17,2
DA:18,2
DA:21,0
DA:23,0
DA:31,0
DA:32,0
DA:36,5
DA:37,0
DA:40,5
DA:42,5
DA:43,1
DA:46,4
DA:48,4
DA:49,1
DA:52,3
DA:61,3
LF:26
LH:21
BRDA:11,0,0,1
BRDA:11,1,0,3
BRDA:11,1,1,2
BRDA:11,1,2,2
BRDA:17,2,0,2
BRDA:36,3,0,0
BRDA:36,4,0,5
BRDA:36,4,1,5
BRDA:42,5,0,1
BRDA:48,6,0,1
BRF:10
BRH:9
end_of_record
TN:
SF:src\application\services\TutorService.ts
FN:7,(anonymous_0)
FN:11,(anonymous_1)
FNF:2
FNH:2
FNDA:4,(anonymous_0)
FNDA:1,(anonymous_1)
DA:2,4
DA:4,4
DA:8,4
DA:12,1
LF:4
LH:4
BRF:0
BRH:0
end_of_record
TN:
SF:src\domain\entities\Appointment.ts
FN:2,(anonymous_0)
FNF:1
FNH:1
FNDA:2,(anonymous_0)
DA:1,6
DA:3,2
DA:4,2
DA:5,2
DA:6,2
DA:7,2
LF:6
LH:6
BRDA:7,0,0,0
BRF:1
BRH:0
end_of_record
TN:
SF:src\domain\entities\Tutor.ts
FN:2,(anonymous_0)
FNF:1
FNH:1
FNDA:13,(anonymous_0)
DA:1,5
DA:3,13
DA:4,13
DA:5,13
DA:6,13
DA:7,13
LF:6
LH:6
BRF:0
BRH:0
end_of_record
TN:
SF:src\domain\entities\User.ts
FN:4,(anonymous_0)
FNF:1
FNH:1
FNDA:1,(anonymous_0)
DA:1,5
DA:3,5
DA:5,1
DA:6,1
DA:7,1
DA:8,1
DA:9,1
LF:7
LH:7
BRDA:9,0,0,0
BRF:1
BRH:0
end_of_record
TN:
SF:src\domain\enums\Role.ts
FN:1,(anonymous_0)
FNF:1
FNH:1
FNDA:5,(anonymous_0)
DA:1,5
DA:2,5
DA:3,5
LF:3
LH:3
BRDA:1,0,0,5
BRDA:1,0,1,5
BRF:2
BRH:2
end_of_record
TN:
SF:src\infrastructure\logger.ts
FN:4,(anonymous_1)
FNF:1
FNH:1
FNDA:8,(anonymous_1)
DA:1,4
DA:2,4
DA:4,4
DA:5,8
DA:6,8
DA:7,8
LF:6
LH:6
BRF:0
BRH:0
end_of_record
TN:
SF:src\infrastructure\repositories\AppointmentRepository.ts
FN:5,(anonymous_1)
FN:8,(anonymous_2)
FN:13,(anonymous_3)
FN:17,(anonymous_4)
FN:23,(anonymous_5)
FN:27,(anonymous_6)
FN:29,(anonymous_7)
FN:32,(anonymous_8)
FN:34,(anonymous_9)
FNF:9
FNH:9
FNDA:5,(anonymous_1)
FNDA:16,(anonymous_2)
FNDA:4,(anonymous_3)
FNDA:1,(anonymous_4)
FNDA:3,(anonymous_5)
FNDA:9,(anonymous_6)
FNDA:159,(anonymous_7)
FNDA:3,(anonymous_8)
FNDA:54,(anonymous_9)
DA:1,5
DA:2,5
DA:5,5
DA:6,5
DA:9,16
DA:10,16
DA:14,4
DA:18,1
DA:19,1
DA:20,1
DA:24,3
DA:28,9
DA:29,159
DA:33,3
DA:34,54
DA:36,3
DA:37,3
DA:38,3
LF:18
LH:18
BRDA:36,0,0,3
BRF:1
BRH:1
end_of_record
TN:
SF:src\infrastructure\repositories\TutorRepository.ts
FN:3,(anonymous_0)
FN:10,(anonymous_1)
FNF:2
FNH:2
FNDA:4,(anonymous_0)
FNDA:1,(anonymous_1)
DA:1,4
DA:3,4
DA:4,4
DA:11,1
LF:4
LH:4
BRF:0
BRH:0
end_of_record
TN:
SF:src\infrastructure\repositories\UserRepository.ts
FN:5,(anonymous_1)
FN:8,(anonymous_2)
FN:13,(anonymous_3)
FN:17,(anonymous_4)
FN:23,(anonymous_5)
FN:25,(anonymous_6)
FN:28,(anonymous_7)
FNF:7
FNH:4
FNDA:4,(anonymous_1)
FNDA:7,(anonymous_2)
FNDA:0,(anonymous_3)
FNDA:0,(anonymous_4)
FNDA:7,(anonymous_5)
FNDA:9,(anonymous_6)
FNDA:0,(anonymous_7)
DA:1,4
DA:2,4
DA:5,4
DA:6,4
DA:9,7
DA:10,7
DA:14,0
DA:18,0
DA:19,0
DA:20,0
DA:24,7
DA:25,9
DA:29,0
LF:13
LH:8
BRF:0
BRH:0
end_of_record
TN:
SF:src\presentation\controllers\AppointmentController.ts
FN:8,(anonymous_0)
FN:29,(anonymous_1)
FN:42,(anonymous_2)
FN:56,(anonymous_3)
FN:76,(anonymous_4)
FN:96,(anonymous_5)
FNF:6
FNH:5
FNDA:2,(anonymous_0)
FNDA:0,(anonymous_1)
FNDA:1,(anonymous_2)
FNDA:2,(anonymous_3)
FNDA:2,(anonymous_4)
FNDA:2,(anonymous_5)
DA:2,4
DA:3,4
DA:5,4
DA:7,4
DA:9,2
DA:10,2
DA:11,2
DA:13,2
DA:15,2
DA:16,1
DA:17,1
DA:20,1
DA:22,1
DA:24,0
DA:25,0
DA:30,0
DA:31,0
DA:33,0
DA:35,0
DA:37,0
DA:38,0
DA:43,1
DA:44,1
DA:45,1
DA:47,1
DA:49,1
DA:51,0
DA:52,0
DA:57,2
DA:58,2
DA:60,2
DA:62,2
DA:63,1
DA:64,1
DA:67,1
DA:69,1
DA:71,0
DA:72,0
DA:77,2
DA:78,2
DA:80,2
DA:82,2
DA:83,1
DA:84,1
DA:87,1
DA:89,1
DA:91,0
DA:92,0
DA:97,2
DA:98,2
DA:99,2
DA:101,2
DA:103,2
DA:104,1
DA:105,1
DA:108,1
DA:110,1
DA:112,0
DA:113,0
LF:59
LH:43
BRDA:15,0,0,1
BRDA:62,1,0,1
BRDA:82,2,0,1
BRDA:103,3,0,1
BRF:4
BRH:4
end_of_record
TN:
SF:src\presentation\controllers\AuthController.ts
FN:8,(anonymous_0)
FN:28,(anonymous_1)
FNF:2
FNH:2
FNDA:3,(anonymous_0)
FNDA:5,(anonymous_1)
DA:2,4
DA:3,4
DA:5,4
DA:7,4
DA:9,3
DA:10,3
DA:12,3
DA:14,3
DA:15,3
DA:16,3
DA:19,0
DA:21,0
DA:23,0
DA:24,0
DA:29,5
DA:30,5
DA:32,5
DA:34,5
DA:35,2
DA:36,2
DA:39,3
DA:41,3
DA:43,0
DA:44,0
LF:24
LH:18
BRDA:14,0,0,3
BRDA:34,1,0,2
BRF:2
BRH:2
end_of_record
TN:
SF:src\presentation\controllers\TutorController.ts
FN:7,(anonymous_0)
FNF:1
FNH:1
FNDA:1,(anonymous_0)
DA:2,4
DA:4,4
DA:6,4
DA:8,1
DA:9,1
LF:5
LH:5
BRF:0
BRH:0
end_of_record
TN:
SF:src\presentation\middleware\authMiddleware.ts
FN:3,(anonymous_1)
FNF:1
FNH:1
FNDA:15,(anonymous_1)
DA:1,5
DA:3,5
DA:4,15
DA:6,15
DA:7,4
DA:10,11
DA:12,11
DA:13,11
DA:14,11
DA:15,11
DA:17,0
LF:11
LH:10
BRDA:6,0,0,4
BRF:1
BRH:1
end_of_record
TN:
SF:src\presentation\middleware\roleMiddleware.ts
FN:1,(anonymous_0)
FNF:1
FNH:1
FNDA:8,(anonymous_0)
DA:1,5
DA:2,8
DA:3,1
DA:6,7
LF:4
LH:4
BRDA:2,0,0,1
BRDA:2,1,0,8
BRDA:2,1,1,8
BRF:3
BRH:3
end_of_record
TN:
SF:src\presentation\routes\appointmentRoutes.ts
FNF:0
FNH:0
DA:1,4
DA:2,4
DA:3,4
DA:4,4
DA:6,4
DA:8,4
DA:9,4
DA:15,4
DA:17,4
DA:23,4
DA:29,4
DA:36,4
LF:12
LH:12
BRF:0
BRH:0
end_of_record
TN:
SF:src\presentation\routes\authRoutes.ts
FNF:0
FNH:0
DA:1,4
DA:2,4
DA:4,4
DA:6,4
DA:7,4
DA:9,4
LF:6
LH:6
BRF:0
BRH:0
end_of_record
TN:
SF:src\presentation\routes\tutorRoutes.ts
FN:9,(anonymous_0)
FNF:1
FNH:1
FNDA:1,(anonymous_0)
DA:1,4
DA:2,4
DA:3,4
DA:5,4
DA:7,4
DA:9,4
DA:10,1
DA:13,4
LF:8
LH:8
BRF:0
BRH:0
end_of_record
